<?xml version="1.0" encoding="UTF-8"?>
<!-- Generated by org.testng.reporters.JUnitReportReporter -->
<testsuite skipped="0" hostname="BTM-Faculty-PC" name="com.zoho.LoginTest.CRMLoginTest" tests="1" failures="0" timestamp="30 Aug 2019 11:30:11 GMT" time="92.146" errors="0">
  <testcase name="verifyCRMValidLoginTest" time="92.146" classname="com.zoho.LoginTest.CRMLoginTest"/>
</testsuite> <!-- com.zoho.LoginTest.CRMLoginTest -->
